<?xml version="1.0" encoding="UTF-8"?>
<!-- Generated by org.testng.reporters.JUnitReportReporter -->
<testsuite hostname="SANJEEVIAA-LT" failures="0" tests="1" name="TestCases.CouponCode" time="30.357" errors="0" timestamp="2020-12-26T14:19:46 IST" skipped="0">
  <testcase classname="TestCases.CouponCode" name="verifydiscountcoupon" time="30.357"/>
  <system-out/>
</testsuite> <!-- TestCases.CouponCode -->
