<?xml version="1.0" encoding="UTF-8"?>
<!-- Generated by org.testng.reporters.JUnitReportReporter -->
<testsuite hostname="SANJEEVIAA-LT" failures="0" tests="1" name="TestCases.ProductValue" time="10.087" errors="0" timestamp="2020-12-27T11:19:53 IST" skipped="0">
  <testcase classname="TestCases.ProductValue" name="gettheproductprice" time="10.087"/>
  <system-out/>
</testsuite> <!-- TestCases.ProductValue -->
