<?xml version="1.0" encoding="UTF-8"?>
<!-- Generated by org.testng.reporters.JUnitReportReporter -->
<testsuite hostname="SANJEEVIAA-LT" failures="0" tests="1" name="TestCases.CreateAccountandShare" time="50.117" errors="0" timestamp="2020-12-27T11:19:53 IST" skipped="0">
  <testcase classname="TestCases.CreateAccountandShare" name="CreateAaccount" time="50.117"/>
  <system-out/>
</testsuite> <!-- TestCases.CreateAccountandShare -->
